-------------------------------------------------------------------------------
Test set: Test1.Blazedemo.TestNGTestRunner
-------------------------------------------------------------------------------
Tests run: 1, Failures: 1, Errors: 0, Skipped: 0, Time elapsed: 26.582 sec <<< FAILURE!
runScenario(Test1.Blazedemo.TestNGTestRunner)  Time elapsed: 23.11 sec  <<< FAILURE!
org.junit.ComparisonFailure: expected:<[vacation]> but was:<[]>
	at org.junit.Assert.assertEquals(Assert.java:115)
	at org.junit.Assert.assertEquals(Assert.java:144)
	at StepDefinations.Blaze.user_verifies_that_the_url_has_string_vacation(Blaze.java:49)
	at ?.user verifies that the url has string vacation(file:///C:/Users/pc/eclipse-workspace/Blazedemo/src/test/java/Features/Blaze.feature:9)

